0 info it worked if it ends with ok
1 verbose cli [ '/usr/local/bin/node', '/usr/local/bin/npm', 'start' ]
2 info using npm@3.10.10
3 info using node@v6.11.5
4 verbose run-script [ 'prestart', 'start', 'poststart' ]
5 info lifecycle whiskyselect@1.0.0~prestart: whiskyselect@1.0.0
6 silly lifecycle whiskyselect@1.0.0~prestart: no script for prestart, continuing
7 info lifecycle whiskyselect@1.0.0~start: whiskyselect@1.0.0
8 verbose lifecycle whiskyselect@1.0.0~start: unsafe-perm in lifecycle true
9 verbose lifecycle whiskyselect@1.0.0~start: PATH: /usr/local/lib/node_modules/npm/bin/node-gyp-bin:/Users/Michal/Public/whiskyselect/node_modules/.bin:/usr/local/opt/gettext/bin:/Library/Frameworks/Python.framework/Versions/3.6/bin:/opt/local/bin:/opt/local/sbin:/usr/local/bin:/Users/Michal/.sdkman/candidates/grails/current/bin:/Users/Michal/.rvm/gems/ruby-2.4.0/bin:/Users/Michal/.rvm/gems/ruby-2.4.0@global/bin:/Users/Michal/.rvm/rubies/ruby-2.4.0/bin:/usr/local/bin:/usr/bin:/bin:/usr/sbin:/sbin:/usr/local/go/bin:/opt/X11/bin:/usr/local/git/bin:/Users/Michal/.rvm/bin
10 verbose lifecycle whiskyselect@1.0.0~start: CWD: /Users/Michal/Public/whiskyselect
11 silly lifecycle whiskyselect@1.0.0~start: Args: [ '-c', 'node server.js' ]
12 silly lifecycle whiskyselect@1.0.0~start: Returned: code: 1  signal: null
13 info lifecycle whiskyselect@1.0.0~start: Failed to exec start script
14 verbose stack Error: whiskyselect@1.0.0 start: `node server.js`
14 verbose stack Exit status 1
14 verbose stack     at EventEmitter.<anonymous> (/usr/local/lib/node_modules/npm/lib/utils/lifecycle.js:255:16)
14 verbose stack     at emitTwo (events.js:106:13)
14 verbose stack     at EventEmitter.emit (events.js:191:7)
14 verbose stack     at ChildProcess.<anonymous> (/usr/local/lib/node_modules/npm/lib/utils/spawn.js:40:14)
14 verbose stack     at emitTwo (events.js:106:13)
14 verbose stack     at ChildProcess.emit (events.js:191:7)
14 verbose stack     at maybeClose (internal/child_process.js:920:16)
14 verbose stack     at Process.ChildProcess._handle.onexit (internal/child_process.js:230:5)
15 verbose pkgid whiskyselect@1.0.0
16 verbose cwd /Users/Michal/Public/whiskyselect
17 error Darwin 18.2.0
18 error argv "/usr/local/bin/node" "/usr/local/bin/npm" "start"
19 error node v6.11.5
20 error npm  v3.10.10
21 error code ELIFECYCLE
22 error whiskyselect@1.0.0 start: `node server.js`
22 error Exit status 1
23 error Failed at the whiskyselect@1.0.0 start script 'node server.js'.
23 error Make sure you have the latest version of node.js and npm installed.
23 error If you do, this is most likely a problem with the whiskyselect package,
23 error not with npm itself.
23 error Tell the author that this fails on your system:
23 error     node server.js
23 error You can get information on how to open an issue for this project with:
23 error     npm bugs whiskyselect
23 error Or if that isn't available, you can get their info via:
23 error     npm owner ls whiskyselect
23 error There is likely additional logging output above.
24 verbose exit [ 1, true ]
